[debug] [2021-12-19T08:40:07.332Z] ----------------------------------------------------------------------
[debug] [2021-12-19T08:40:07.335Z] Command:       C:\Program Files\nodejs\node.exe C:\Users\Tom\AppData\Roaming\npm\node_modules\firebase-tools\lib\bin\firebase.js init
[debug] [2021-12-19T08:40:07.335Z] CLI Version:   9.23.3
[debug] [2021-12-19T08:40:07.336Z] Platform:      win32
[debug] [2021-12-19T08:40:07.336Z] Node Version:  v14.17.1
[debug] [2021-12-19T08:40:07.337Z] Time:          Sun Dec 19 2021 14:40:07 GMT+0600 (Bangladesh Standard Time)
[debug] [2021-12-19T08:40:07.337Z] ----------------------------------------------------------------------
[debug] 
[debug] [2021-12-19T08:40:07.348Z] > command requires scopes: ["email","openid","https://www.googleapis.com/auth/cloudplatformprojects.readonly","https://www.googleapis.com/auth/firebase","https://www.googleapis.com/auth/cloud-platform"]
[debug] [2021-12-19T08:40:07.349Z] > authorizing via signed-in user (mdhasiburrahman47@gmail.com)
[info] 
     ######## #### ########  ######## ########     ###     ######  ########
     ##        ##  ##     ## ##       ##     ##  ##   ##  ##       ##
     ######    ##  ########  ######   ########  #########  ######  ######
     ##        ##  ##    ##  ##       ##     ## ##     ##       ## ##
     ##       #### ##     ## ######## ########  ##     ##  ######  ########

You're about to initialize a Firebase project in this directory:

  E:\Web Design and Dev\ProgrammingHero\SCIC\Projects\01.Project\client

[info] 
=== Project Setup
[info] 
[info] First, let's associate this project directory with a Firebase project.
[info] You can create multiple project aliases by running firebase use --add, 
[info] but for now we'll just set up a default project.
[info] 
[debug] [2021-12-19T08:40:27.611Z] > refreshing access token with scopes: []
[debug] [2021-12-19T08:40:27.613Z] >>> HTTP REQUEST POST https://www.googleapis.com/oauth2/v3/token  
 <request body omitted>
[debug] [2021-12-19T08:40:27.962Z] <<< HTTP RESPONSE 200 {"date":"Sun, 19 Dec 2021 08:40:28 GMT","expires":"Mon, 01 Jan 1990 00:00:00 GMT","pragma":"no-cache","cache-control":"no-cache, no-store, max-age=0, must-revalidate","content-type":"application/json; charset=utf-8","vary":"X-Origin, Referer, Origin,Accept-Encoding","server":"scaffolding on HTTPServer2","x-xss-protection":"0","x-frame-options":"SAMEORIGIN","x-content-type-options":"nosniff","alt-svc":"h3=\":443\"; ma=2592000,h3-29=\":443\"; ma=2592000,h3-Q050=\":443\"; ma=2592000,h3-Q046=\":443\"; ma=2592000,h3-Q043=\":443\"; ma=2592000,quic=\":443\"; ma=2592000; v=\"46,43\"","accept-ranges":"none","transfer-encoding":"chunked"}
[debug] [2021-12-19T08:40:28.015Z] >>> [apiv2][query] GET https://firebase.googleapis.com/v1beta1/projects pageSize=100
[debug] [2021-12-19T08:40:28.876Z] <<< [apiv2][status] GET https://firebase.googleapis.com/v1beta1/projects 200
[debug] [2021-12-19T08:40:28.877Z] <<< [apiv2][body] GET https://firebase.googleapis.com/v1beta1/projects [omitted]
